SF:lib/core/error/failures.dart
DA:6,0
DA:7,0
DA:11,1
DA:12,1
DA:16,1
DA:17,1
LF:6
LH:4
end_of_record
SF:lib/core/network/network_info.dart
DA:9,0
DA:10,0
DA:11,0
LF:3
LH:0
end_of_record
SF:lib/features/users/data/data_sources/users_local_data_source.dart
DA:20,0
DA:22,0
DA:24,0
DA:25,0
DA:26,0
DA:29,0
DA:31,0
DA:33,0
DA:34,0
DA:36,0
LF:10
LH:0
end_of_record
SF:lib/features/users/data/data_sources/users_remote_data_source.dart
DA:19,0
DA:20,0
DA:22,0
DA:23,0
DA:24,0
DA:27,0
DA:28,0
DA:31,0
LF:8
LH:0
end_of_record
SF:lib/features/users/data/models/user_model.dart
DA:6,1
DA:15,1
DA:27,1
DA:28,1
DA:29,1
DA:30,1
DA:31,1
DA:32,1
DA:33,1
DA:35,2
DA:36,1
DA:37,1
DA:38,1
DA:40,2
DA:44,0
DA:45,0
DA:46,0
DA:47,0
DA:48,0
DA:49,0
DA:50,0
DA:52,0
DA:53,0
DA:54,0
DA:55,0
LF:25
LH:14
end_of_record
SF:lib/features/users/data/repositories/users_repository_impl.dart
DA:19,1
DA:24,1
DA:26,2
DA:28,2
DA:29,2
DA:30,1
DA:31,1
DA:32,2
DA:36,2
DA:37,1
DA:38,1
DA:39,2
LF:12
LH:12
end_of_record
SF:lib/features/users/data/models/address_model.dart
DA:5,1
DA:11,1
DA:19,1
DA:20,1
DA:21,1
DA:22,1
DA:23,1
DA:24,1
DA:25,3
DA:29,0
DA:30,0
DA:31,0
DA:32,0
DA:33,0
DA:34,0
LF:15
LH:9
end_of_record
SF:lib/features/users/domain/entities/address.dart
DA:6,1
DA:20,0
DA:21,0
DA:22,0
LF:4
LH:1
end_of_record
SF:lib/features/users/data/models/geo_model.dart
DA:4,1
DA:7,1
DA:9,1
DA:10,1
DA:11,1
DA:12,1
DA:16,0
DA:17,0
DA:18,0
LF:9
LH:6
end_of_record
SF:lib/features/users/data/models/company_model.dart
DA:4,1
DA:5,1
DA:6,1
DA:7,1
DA:8,1
DA:9,1
DA:13,0
DA:14,0
DA:15,0
DA:16,0
LF:10
LH:6
end_of_record
SF:lib/features/users/domain/entities/company.dart
DA:4,1
DA:14,0
DA:15,0
DA:16,0
LF:4
LH:1
end_of_record
SF:lib/features/users/domain/entities/geo.dart
DA:4,1
DA:12,0
DA:13,0
DA:14,0
LF:4
LH:1
end_of_record
SF:lib/features/users/domain/entities/user.dart
DA:7,1
DA:27,0
DA:28,0
DA:29,0
LF:4
LH:1
end_of_record
